2025-08-16 12:48:28 INFO  [main] c.a.p.a.ArpanbagsProductsApplication - Starting ArpanbagsProductsApplication using Java 17.0.9 with PID 14432 (D:\My_Dream_Project\arpanproductsdata\arpanbags-products\target\classes started by arpan in D:\My_Dream_Project\arpanproductsdata\arpanbags-products)
2025-08-16 12:48:28 INFO  [main] c.a.p.a.ArpanbagsProductsApplication - No active profile set, falling back to 1 default profile: "default"
2025-08-16 12:48:30 INFO  [main] o.s.d.r.c.RepositoryConfigurationDelegate - Bootstrapping Spring Data JPA repositories in DEFAULT mode.
2025-08-16 12:48:30 INFO  [main] o.s.d.r.c.RepositoryConfigurationDelegate - Finished Spring Data repository scanning in 202 ms. Found 9 JPA repository interfaces.
2025-08-16 12:48:32 INFO  [main] o.s.b.w.e.tomcat.TomcatWebServer - Tomcat initialized with port 9092 (http)
2025-08-16 12:48:32 INFO  [main] o.a.coyote.http11.Http11NioProtocol - Initializing ProtocolHandler ["http-nio-9092"]
2025-08-16 12:48:32 INFO  [main] o.a.catalina.core.StandardService - Starting service [Tomcat]
2025-08-16 12:48:32 INFO  [main] o.a.catalina.core.StandardEngine - Starting Servlet engine: [Apache Tomcat/10.1.20]
2025-08-16 12:48:32 INFO  [main] o.a.c.c.C.[.[.[/arpanproducts] - Initializing Spring embedded WebApplicationContext
2025-08-16 12:48:32 INFO  [main] o.s.b.w.s.c.ServletWebServerApplicationContext - Root WebApplicationContext: initialization completed in 3190 ms
2025-08-16 12:48:32 INFO  [main] o.h.jpa.internal.util.LogHelper - HHH000204: Processing PersistenceUnitInfo [name: default]
2025-08-16 12:48:32 INFO  [main] org.hibernate.Version - HHH000412: Hibernate ORM core version 6.4.4.Final
2025-08-16 12:48:32 INFO  [main] o.h.c.i.RegionFactoryInitiator - HHH000026: Second-level cache disabled
2025-08-16 12:48:33 INFO  [main] o.s.o.j.p.SpringPersistenceUnitInfo - No LoadTimeWeaver setup: ignoring JPA class transformer
2025-08-16 12:48:33 INFO  [main] com.zaxxer.hikari.HikariDataSource - HikariPool-1 - Starting...
2025-08-16 12:48:33 INFO  [main] com.zaxxer.hikari.pool.HikariPool - HikariPool-1 - Added connection com.mysql.cj.jdbc.ConnectionImpl@704c3bdf
2025-08-16 12:48:33 INFO  [main] com.zaxxer.hikari.HikariDataSource - HikariPool-1 - Start completed.
2025-08-16 12:48:33 WARN  [main] org.hibernate.orm.deprecation - HHH90000025: MySQL8Dialect does not need to be specified explicitly using 'hibernate.dialect' (remove the property setting and it will be selected by default)
2025-08-16 12:48:33 WARN  [main] org.hibernate.orm.deprecation - HHH90000026: MySQL8Dialect has been deprecated; use org.hibernate.dialect.MySQLDialect instead
2025-08-16 12:48:35 INFO  [main] o.h.e.t.j.p.i.JtaPlatformInitiator - HHH000489: No JTA platform available (set 'hibernate.transaction.jta.platform' to enable JTA platform integration)
2025-08-16 12:48:35 INFO  [main] o.s.o.j.LocalContainerEntityManagerFactoryBean - Initialized JPA EntityManagerFactory for persistence unit 'default'
2025-08-16 12:48:36 INFO  [main] c.a.p.a.filter.JwtAuthFilter - JwtAuthFilter initialized
2025-08-16 12:48:36 INFO  [main] c.a.p.a.config.SecurityConfig - JwtAuthFilter bean created
2025-08-16 12:48:36 WARN  [main] o.s.b.a.o.j.JpaBaseConfiguration$JpaWebConfiguration - spring.jpa.open-in-view is enabled by default. Therefore, database queries may be performed during view rendering. Explicitly configure spring.jpa.open-in-view to disable this warning
2025-08-16 12:48:37 INFO  [main] c.a.p.a.config.SecurityConfig - Configuring SecurityFilterChain
2025-08-16 12:48:37 INFO  [main] o.s.s.web.DefaultSecurityFilterChain - Will secure any request with [org.springframework.security.web.session.DisableEncodeUrlFilter@622c658d, org.springframework.security.web.context.request.async.WebAsyncManagerIntegrationFilter@3619bc9e, org.springframework.security.web.context.SecurityContextHolderFilter@6b72c62, org.springframework.security.web.header.HeaderWriterFilter@d3929ba, org.springframework.web.filter.CorsFilter@2e640411, org.springframework.security.web.authentication.logout.LogoutFilter@490dfe25, com.arpanbags.products.arpanbagsproducts.filter.JwtAuthFilter@d827673, org.springframework.security.web.savedrequest.RequestCacheAwareFilter@7b4b559d, org.springframework.security.web.servletapi.SecurityContextHolderAwareRequestFilter@1046aaa4, org.springframework.security.web.authentication.AnonymousAuthenticationFilter@5e609b42, org.springframework.security.web.session.SessionManagementFilter@4d82ded2, org.springframework.security.web.access.ExceptionTranslationFilter@3f3abe67, org.springframework.security.web.access.intercept.AuthorizationFilter@65c634f2]
2025-08-16 12:48:37 INFO  [main] o.a.coyote.http11.Http11NioProtocol - Starting ProtocolHandler ["http-nio-9092"]
2025-08-16 12:48:37 INFO  [main] o.s.b.w.e.tomcat.TomcatWebServer - Tomcat started on port 9092 (http) with context path '/arpanproducts'
2025-08-16 12:48:37 INFO  [main] c.a.p.a.ArpanbagsProductsApplication - Started ArpanbagsProductsApplication in 9.981 seconds (process running for 10.963)
2025-08-16 12:52:54 INFO  [http-nio-9092-exec-1] o.a.c.c.C.[.[.[/arpanproducts] - Initializing Spring DispatcherServlet 'dispatcherServlet'
2025-08-16 12:52:54 INFO  [http-nio-9092-exec-1] o.s.web.servlet.DispatcherServlet - Initializing Servlet 'dispatcherServlet'
2025-08-16 12:52:54 INFO  [http-nio-9092-exec-1] o.s.web.servlet.DispatcherServlet - Completed initialization in 1 ms
2025-08-16 12:52:54 INFO  [http-nio-9092-exec-1] c.a.p.a.filter.JwtAuthFilter - Full URI: /arpanproducts/products, Context Path: /arpanproducts
2025-08-16 12:52:54 WARN  [http-nio-9092-exec-1] c.a.p.a.filter.JwtAuthFilter - Invalid JWT token: JWT expired at 2025-08-15T05:55:59Z. Current time: 2025-08-16T07:22:54Z, a difference of 91615371 milliseconds.  Allowed clock skew: 0 milliseconds.
2025-08-16 12:57:24 INFO  [SpringApplicationShutdownHook] o.s.o.j.LocalContainerEntityManagerFactoryBean - Closing JPA EntityManagerFactory for persistence unit 'default'
2025-08-16 12:57:24 INFO  [SpringApplicationShutdownHook] com.zaxxer.hikari.HikariDataSource - HikariPool-1 - Shutdown initiated...
2025-08-16 12:57:24 INFO  [SpringApplicationShutdownHook] com.zaxxer.hikari.HikariDataSource - HikariPool-1 - Shutdown completed.
